{"/Users/dev/others/DSA/src/arrayAndHashing/duplicate-integer.ts": {"path":"/Users/dev/others/DSA/src/arrayAndHashing/duplicate-integer.ts","statementMap":{"0":{"start":{"line":1,"column":0},"end":{"line":1,"column":16}},"1":{"start":{"line":2,"column":12},"end":{"line":2,"column":21}},"2":{"start":{"line":4,"column":2},"end":{"line":4,"column":11}},"3":{"start":{"line":6,"column":2},"end":{"line":12,"column":3}},"4":{"start":{"line":7,"column":4},"end":{"line":11,"column":5}},"5":{"start":{"line":8,"column":6},"end":{"line":8,"column":18}},"6":{"start":{"line":10,"column":6},"end":{"line":10,"column":26}},"7":{"start":{"line":13,"column":2},"end":{"line":13,"column":15}}},"fnMap":{"0":{"name":"hasDuplicate","decl":{"start":{"line":1,"column":16},"end":{"line":1,"column":28}},"loc":{"start":{"line":1,"column":43},"end":{"line":14,"column":1}}}},"branchMap":{"0":{"loc":{"start":{"line":7,"column":4},"end":{"line":11,"column":5}},"type":"if","locations":[{"start":{"line":7,"column":4},"end":{"line":11,"column":5}},{"start":{"line":9,"column":11},"end":{"line":11,"column":5}}]}},"s":{"0":1,"1":2,"2":2,"3":2,"4":7,"5":1,"6":6,"7":1},"f":{"0":2},"b":{"0":[1,6]}}
}
